<?xml version="1.0" encoding="UTF-8"?>
<!-- Generated by org.testng.reporters.JUnitReportReporter -->
<testsuite hostname="RIZWANA" failures="0" tests="1" name="uk.co.automationtesting.OrderCompleteTest" time="8.755" errors="0" timestamp="2023-04-04T23:59:22 IST" skipped="0">
  <testcase classname="uk.co.automationtesting.OrderCompleteTest" name="EndtoendTest" time="8.755"/>
  <system-out/>
</testsuite> <!-- uk.co.automationtesting.OrderCompleteTest -->
