<?xml version="1.0" encoding="UTF-8"?>
<!-- Generated by org.testng.reporters.JUnitReportReporter -->
<testsuite hostname="RIZWANA" failures="0" tests="2" name="section11.testnginstall" time="0.023" errors="0" timestamp="2023-03-31T15:39:35 IST" skipped="0">
  <testcase classname="section11.testnginstall" name="helloWorld" time="0.021"/>
  <system-out/>
  <testcase classname="section11.testnginstall" name="helloWorld2" time="0.002"/>
  <system-out/>
</testsuite> <!-- section11.testnginstall -->
